[0.076s] Invoking command in '/home/ctrobot/dev_ws_de0/build/motor_controller': AMENT_PREFIX_PATH=/home/ctrobot/dev_ws_de0/install/reflexxes:${AMENT_PREFIX_PATH} CMAKE_PREFIX_PATH=/home/ctrobot/dev_ws_de0/install/reflexxes:/opt/ros/dashing:${CMAKE_PREFIX_PATH} LD_LIBRARY_PATH=/home/ctrobot/dev_ws_de0/install/reflexxes/lib:${LD_LIBRARY_PATH} /usr/bin/cmake --build /home/ctrobot/dev_ws_de0/build/motor_controller -- -j2 -l2
[0.346s] -- Found ament_cmake: 0.7.4 (/opt/ros/dashing/share/ament_cmake/cmake)
[0.591s] -- Using PYTHON_EXECUTABLE: /usr/bin/python3
[2.613s] -- Found rclcpp: 0.7.13 (/opt/ros/dashing/share/rclcpp/cmake)
[2.735s] -- Found rosidl_adapter: 0.7.9 (/opt/ros/dashing/share/rosidl_adapter/cmake)
[3.074s] -- Found rmw_implementation_cmake: 0.7.2 (/opt/ros/dashing/share/rmw_implementation_cmake/cmake)
[3.088s] -- Using RMW implementation 'rmw_fastrtps_cpp' as default
[3.347s] -- Found std_msgs: 0.7.0 (/opt/ros/dashing/share/std_msgs/cmake)
[3.395s] -- Found sensor_msgs: 0.7.0 (/opt/ros/dashing/share/sensor_msgs/cmake)
[3.575s] -- Found reflexxes: 0.0.0 (/home/ctrobot/dev_ws_de0/install/reflexxes/share/reflexxes/cmake)
[4.446s] -- Configuring done
[4.592s] -- Generating done
[4.609s] -- Build files have been written to: /home/ctrobot/dev_ws_de0/build/motor_controller
[4.858s] [35m[1mScanning dependencies of target motor_controller[0m
[5.045s] [ 20%] [32mBuilding CXX object CMakeFiles/motor_controller.dir/src/motor_controller.cpp.o[0m
[5.047s] [ 20%] [32mBuilding CXX object CMakeFiles/motor_controller.dir/include/I2CBus.cpp.o[0m
[6.212s] [01m[K/home/ctrobot/dev_ws_de0/src/motor_controller/src/motor_controller.cpp:2:10:[m[K [01;31m[Kfatal error: [m[Kros/ros.h: No such file or directory
[6.214s]  #include [01;31m[K"ros/ros.h"[m[K
[6.215s]           [01;31m[K^~~~~~~~~~~[m[K
[6.216s] compilation terminated.
[6.240s] make[2]: *** [CMakeFiles/motor_controller.dir/src/motor_controller.cpp.o] Error 1
[6.242s] make[2]: *** Waiting for unfinished jobs....
[6.243s] CMakeFiles/motor_controller.dir/build.make:62: recipe for target 'CMakeFiles/motor_controller.dir/src/motor_controller.cpp.o' failed
[9.588s] make[1]: *** [CMakeFiles/motor_controller.dir/all] Error 2
[9.593s] make: *** [all] Error 2
[9.594s] CMakeFiles/Makefile2:67: recipe for target 'CMakeFiles/motor_controller.dir/all' failed
[9.595s] Makefile:140: recipe for target 'all' failed
[9.604s] Invoked command in '/home/ctrobot/dev_ws_de0/build/motor_controller' returned '2': AMENT_PREFIX_PATH=/home/ctrobot/dev_ws_de0/install/reflexxes:${AMENT_PREFIX_PATH} CMAKE_PREFIX_PATH=/home/ctrobot/dev_ws_de0/install/reflexxes:/opt/ros/dashing:${CMAKE_PREFIX_PATH} LD_LIBRARY_PATH=/home/ctrobot/dev_ws_de0/install/reflexxes/lib:${LD_LIBRARY_PATH} /usr/bin/cmake --build /home/ctrobot/dev_ws_de0/build/motor_controller -- -j2 -l2
